{
  "RSpec": {
    "coverage": {
      "/home/joel/HYCS_opiskelu/MSC/ROR/ratebeer/app/helpers/application_helper.rb": {
        "lines": [
          null,
          null,
          1,
          null
        ]
      },
      "/home/joel/HYCS_opiskelu/MSC/ROR/ratebeer/app/helpers/beer_clubs_helper.rb": {
        "lines": [
          1,
          null
        ]
      },
      "/home/joel/HYCS_opiskelu/MSC/ROR/ratebeer/app/helpers/beers_helper.rb": {
        "lines": [
          null,
          null,
          1,
          null
        ]
      },
      "/home/joel/HYCS_opiskelu/MSC/ROR/ratebeer/app/helpers/breweries_helper.rb": {
        "lines": [
          null,
          null,
          1,
          null
        ]
      },
      "/home/joel/HYCS_opiskelu/MSC/ROR/ratebeer/app/helpers/memberships_helper.rb": {
        "lines": [
          1,
          null
        ]
      },
      "/home/joel/HYCS_opiskelu/MSC/ROR/ratebeer/app/helpers/users_helper.rb": {
        "lines": [
          1,
          null
        ]
      },
      "/home/joel/HYCS_opiskelu/MSC/ROR/ratebeer/app/models/beer.rb": {
        "lines": [
          null,
          null,
          1,
          1,
          null,
          1,
          null,
          1,
          1,
          1,
          null,
          1,
          2,
          null,
          null
        ]
      },
      "/home/joel/HYCS_opiskelu/MSC/ROR/ratebeer/app/models/application_record.rb": {
        "lines": [
          null,
          null,
          1,
          1,
          null
        ]
      },
      "/home/joel/HYCS_opiskelu/MSC/ROR/ratebeer/app/models/concerns/rating_average.rb": {
        "lines": [
          null,
          null,
          1,
          1,
          null,
          1,
          11,
          null,
          8,
          null,
          null
        ]
      },
      "/home/joel/HYCS_opiskelu/MSC/ROR/ratebeer/app/models/user.rb": {
        "lines": [
          1,
          1,
          null,
          1,
          null,
          1,
          1,
          null,
          1,
          1,
          1,
          1,
          null,
          1,
          3,
          null,
          2,
          null,
          null,
          1,
          18,
          18,
          14,
          null,
          18,
          null,
          null,
          1,
          18,
          18,
          16,
          null,
          18,
          null,
          null,
          1,
          null,
          1,
          102,
          30,
          30,
          30,
          null,
          null
        ]
      },
      "/home/joel/HYCS_opiskelu/MSC/ROR/ratebeer/app/controllers/beers_controller.rb": {
        "lines": [
          null,
          null,
          1,
          1,
          1,
          null,
          null,
          1,
          4,
          null,
          null,
          null,
          1,
          null,
          null,
          1,
          2,
          null,
          null,
          null,
          1,
          null,
          null,
          null,
          1,
          2,
          null,
          2,
          2,
          2,
          1,
          null,
          1,
          2,
          1,
          null,
          null,
          null,
          null,
          null,
          1,
          0,
          0,
          0,
          0,
          null,
          0,
          0,
          null,
          null,
          null,
          null,
          null,
          1,
          0,
          null,
          0,
          0,
          0,
          null,
          null,
          null,
          1,
          null,
          1,
          5,
          5,
          null,
          null,
          null,
          1,
          0,
          null,
          null,
          null,
          1,
          2,
          null,
          null
        ]
      },
      "/home/joel/HYCS_opiskelu/MSC/ROR/ratebeer/app/controllers/application_controller.rb": {
        "lines": [
          null,
          null,
          1,
          1,
          null,
          1,
          77,
          null,
          55,
          null,
          null
        ]
      },
      "/home/joel/HYCS_opiskelu/MSC/ROR/ratebeer/app/models/brewery.rb": {
        "lines": [
          null,
          null,
          1,
          1,
          null,
          1,
          null,
          1,
          null,
          35,
          null,
          null,
          null,
          1,
          1,
          null
        ]
      },
      "/home/joel/HYCS_opiskelu/MSC/ROR/ratebeer/app/models/rating.rb": {
        "lines": [
          null,
          null,
          1,
          1,
          1,
          null,
          1,
          null,
          null,
          null,
          1,
          16,
          null,
          null
        ]
      },
      "/home/joel/HYCS_opiskelu/MSC/ROR/ratebeer/app/controllers/breweries_controller.rb": {
        "lines": [
          null,
          null,
          1,
          1,
          1,
          null,
          null,
          1,
          3,
          null,
          null,
          null,
          1,
          null,
          null,
          1,
          0,
          null,
          null,
          null,
          1,
          null,
          null,
          1,
          0,
          null,
          0,
          0,
          0,
          0,
          null,
          0,
          0,
          null,
          null,
          null,
          null,
          null,
          1,
          0,
          0,
          0,
          0,
          null,
          0,
          0,
          null,
          null,
          null,
          null,
          null,
          1,
          0,
          null,
          0,
          0,
          0,
          null,
          null,
          null,
          1,
          null,
          null,
          1,
          1,
          null,
          null,
          null,
          1,
          0,
          null,
          null,
          1,
          0,
          0,
          0,
          0,
          null,
          null,
          0,
          null,
          null,
          null
        ]
      },
      "/home/joel/HYCS_opiskelu/MSC/ROR/ratebeer/app/controllers/sessions_controller.rb": {
        "lines": [
          1,
          1,
          null,
          null,
          1,
          7,
          7,
          6,
          6,
          null,
          1,
          null,
          null,
          null,
          1,
          0,
          0,
          null,
          null
        ]
      },
      "/home/joel/HYCS_opiskelu/MSC/ROR/ratebeer/app/controllers/users_controller.rb": {
        "lines": [
          1,
          1,
          null,
          null,
          1,
          0,
          null,
          null,
          null,
          1,
          null,
          null,
          null,
          1,
          1,
          null,
          null,
          null,
          1,
          null,
          null,
          null,
          1,
          1,
          null,
          1,
          1,
          2,
          1,
          null,
          0,
          0,
          null,
          null,
          null,
          null,
          null,
          1,
          0,
          0,
          0,
          0,
          null,
          0,
          0,
          null,
          null,
          null,
          null,
          null,
          1,
          0,
          0,
          0,
          null,
          null,
          1,
          null,
          null,
          1,
          9,
          null,
          null,
          null,
          1,
          1,
          null,
          null
        ]
      },
      "/home/joel/HYCS_opiskelu/MSC/ROR/ratebeer/app/models/membership.rb": {
        "lines": [
          1,
          1,
          1,
          null
        ]
      },
      "/home/joel/HYCS_opiskelu/MSC/ROR/ratebeer/app/models/beer_club.rb": {
        "lines": [
          1,
          1,
          1,
          null
        ]
      },
      "/home/joel/HYCS_opiskelu/MSC/ROR/ratebeer/app/controllers/ratings_controller.rb": {
        "lines": [
          null,
          null,
          1,
          1,
          1,
          null,
          null,
          1,
          1,
          1,
          null,
          null,
          1,
          1,
          1,
          null,
          1,
          1,
          null,
          0,
          0,
          null,
          null,
          null,
          1,
          1,
          1,
          1,
          null,
          null
        ]
      },
      "/home/joel/HYCS_opiskelu/MSC/ROR/ratebeer/app/channels/application_cable/channel.rb": {
        "lines": [
          null,
          null,
          0,
          0,
          0,
          0
        ],
        "branches": {
        }
      },
      "/home/joel/HYCS_opiskelu/MSC/ROR/ratebeer/app/channels/application_cable/connection.rb": {
        "lines": [
          null,
          null,
          0,
          0,
          0,
          0
        ],
        "branches": {
        }
      },
      "/home/joel/HYCS_opiskelu/MSC/ROR/ratebeer/app/controllers/beer_clubs_controller.rb": {
        "lines": [
          0,
          0,
          null,
          null,
          0,
          0,
          0,
          null,
          null,
          0,
          0,
          null,
          null,
          0,
          0,
          0,
          null,
          null,
          0,
          0,
          null,
          null,
          0,
          0,
          null,
          0,
          0,
          0,
          0,
          0,
          0,
          0,
          0,
          0,
          0,
          null,
          null,
          0,
          0,
          0,
          0,
          0,
          0,
          0,
          0,
          0,
          0,
          0,
          null,
          null,
          0,
          0,
          null,
          0,
          0,
          0,
          0,
          0,
          null,
          0,
          null,
          null,
          0,
          0,
          0,
          null,
          null,
          0,
          0,
          0,
          0
        ],
        "branches": {
        }
      },
      "/home/joel/HYCS_opiskelu/MSC/ROR/ratebeer/app/controllers/memberships_controller.rb": {
        "lines": [
          0,
          0,
          0,
          null,
          null,
          0,
          0,
          0,
          null,
          null,
          0,
          0,
          null,
          null,
          0,
          0,
          0,
          null,
          0,
          0,
          null,
          null,
          0,
          0,
          null,
          null,
          0,
          0,
          0,
          null,
          0,
          0,
          0,
          0,
          0,
          0,
          0,
          0,
          0,
          0,
          null,
          null,
          0,
          0,
          0,
          0,
          0,
          0,
          0,
          0,
          0,
          0,
          0,
          null,
          null,
          0,
          0,
          null,
          0,
          0,
          0,
          0,
          0,
          null,
          0,
          null,
          null,
          0,
          0,
          0,
          null,
          null,
          0,
          0,
          0,
          null,
          0,
          0,
          0,
          0,
          0,
          0,
          0,
          0,
          0
        ],
        "branches": {
        }
      },
      "/home/joel/HYCS_opiskelu/MSC/ROR/ratebeer/app/jobs/application_job.rb": {
        "lines": [
          null,
          null,
          0,
          null,
          null,
          null,
          null,
          null,
          0
        ],
        "branches": {
        }
      },
      "/home/joel/HYCS_opiskelu/MSC/ROR/ratebeer/app/mailers/application_mailer.rb": {
        "lines": [
          null,
          null,
          0,
          0,
          0,
          0
        ],
        "branches": {
        }
      }
    },
    "timestamp": 1668629763
  }
}
